<?xml version="1.0" encoding="UTF-8"?>
<!-- Generated by org.testng.reporters.JUnitXMLReporter -->
<testsuite ignored="0" hostname="MacBook-Air-cua-Wang.local" failures="0" tests="4" name="Command line test" time="0.035" errors="0" timestamp="2026-01-27T10:07:36 ICT">
  <testcase classname="poly.edu.junitdemo.lab4.demoOne" name="firstTestCase" time="0.003"/>
  <testcase classname="poly.edu.junitdemo.lab4.demoOne" name="secondTestCase" time="0.0"/>
  <testcase classname="poly.edu.junitdemo.lab4.demoTwo" name="firstTestCase" time="0.0"/>
  <testcase classname="poly.edu.junitdemo.lab4.demoTwo" name="secondTestCase" time="0.0"/>
</testsuite> <!-- Command line test -->
