<?xml version="1.0" encoding="UTF-8"?>
<testng-results ignored="0" total="4" passed="4" failed="0" skipped="0">
  <reporter-output>
  </reporter-output>
  <suite started-at="2026-01-27T10:07:36 ICT" name="Command line suite" finished-at="2026-01-27T10:07:36 ICT" duration-ms="35">
    <groups>
    </groups>
    <test started-at="2026-01-27T10:07:36 ICT" name="Command line test" finished-at="2026-01-27T10:07:36 ICT" duration-ms="35">
      <class name="poly.edu.junitdemo.lab4.demoTwo">
        <test-method signature="firstTestCase()[pri:0, instance:poly.edu.junitdemo.lab4.demoTwo@6c3f5566]" started-at="2026-01-27T10:07:36 ICT" name="firstTestCase" finished-at="2026-01-27T10:07:36 ICT" duration-ms="0" status="PASS">
          <reporter-output>
          </reporter-output>
        </test-method> <!-- firstTestCase -->
        <test-method signature="secondTestCase()[pri:0, instance:poly.edu.junitdemo.lab4.demoTwo@6c3f5566]" started-at="2026-01-27T10:07:36 ICT" name="secondTestCase" finished-at="2026-01-27T10:07:36 ICT" duration-ms="0" status="PASS">
          <reporter-output>
          </reporter-output>
        </test-method> <!-- secondTestCase -->
      </class> <!-- poly.edu.junitdemo.lab4.demoTwo -->
      <class name="poly.edu.junitdemo.lab4.demoOne">
        <test-method signature="firstTestCase()[pri:0, instance:poly.edu.junitdemo.lab4.demoOne@6a79c292]" started-at="2026-01-27T10:07:36 ICT" name="firstTestCase" finished-at="2026-01-27T10:07:36 ICT" duration-ms="3" status="PASS">
          <reporter-output>
          </reporter-output>
        </test-method> <!-- firstTestCase -->
        <test-method signature="secondTestCase()[pri:0, instance:poly.edu.junitdemo.lab4.demoOne@6a79c292]" started-at="2026-01-27T10:07:36 ICT" name="secondTestCase" finished-at="2026-01-27T10:07:36 ICT" duration-ms="0" status="PASS">
          <reporter-output>
          </reporter-output>
        </test-method> <!-- secondTestCase -->
      </class> <!-- poly.edu.junitdemo.lab4.demoOne -->
    </test> <!-- Command line test -->
  </suite> <!-- Command line suite -->
</testng-results>
