<?xml version="1.0" encoding="UTF-8"?>
<!-- Generated by org.testng.reporters.JUnitReportReporter -->
<testsuite hostname="MacBook-Air-cua-Wang.local" failures="0" tests="2" name="poly.edu.junitdemo.lab4.demoTwo" time="0.000" errors="0" timestamp="2026-01-27T10:07:36 ICT" skipped="0">
  <testcase classname="poly.edu.junitdemo.lab4.demoTwo" name="firstTestCase" time="0.000"/>
  <testcase classname="poly.edu.junitdemo.lab4.demoTwo" name="secondTestCase" time="0.000"/>
</testsuite> <!-- poly.edu.junitdemo.lab4.demoTwo -->
